<?xml version="1.0" encoding="UTF-8"?>
<!-- Generated by org.testng.reporters.JUnitReportReporter -->
<testsuite hostname="MININT-3V65FN3" name="training.FirstSeleniumJavaTest" tests="2" failures="0" timestamp="17 Sep 2021 20:40:28 GMT" time="16.062" errors="0">
  <testcase name="testTwo" time="5.159" classname="training.FirstSeleniumJavaTest"/>
  <testcase name="testEasy" time="10.903" classname="training.FirstSeleniumJavaTest"/>
</testsuite> <!-- training.FirstSeleniumJavaTest -->
