<?xml version="1.0" encoding="UTF-8"?>
<!-- Generated by org.testng.reporters.JUnitReportReporter -->
<testsuite hostname="MININT-3V65FN3" name="suite1.OpenCartTests" tests="2" failures="0" timestamp="17 Sep 2021 20:40:28 GMT" time="8.100" errors="0">
  <testcase name="launchSite" time="7.084" classname="suite1.OpenCartTests"/>
  <testcase name="searchForProduct" time="1.016" classname="suite1.OpenCartTests"/>
</testsuite> <!-- suite1.OpenCartTests -->
